<?xml version="1.0" encoding="UTF-8"?>
<testng-results ignored="0" total="2" passed="2" failed="0" skipped="0">
  <reporter-output>
  </reporter-output>
  <suite started-at="2026-09-14T17:04:10 IST" name="Surefire suite" finished-at="2026-09-14T17:04:46 IST" duration-ms="35523">
    <groups>
    </groups>
    <test started-at="2026-09-14T17:04:10 IST" name="Surefire test" finished-at="2026-09-14T17:04:46 IST" duration-ms="35523">
      <class name="testcases.TC_AddTest">
        <test-method is-config="true" signature="setUp()[pri:0, instance:testcases.TC_AddTest@4148db48]" started-at="2026-09-14T17:04:10 IST" name="setUp" finished-at="2026-09-14T17:04:20 IST" duration-ms="10060" status="PASS">
          <reporter-output>
          </reporter-output>
        </test-method> <!-- setUp -->
        <test-method signature="loginTest()[pri:0, instance:testcases.TC_AddTest@4148db48]" started-at="2026-09-14T17:04:21 IST" name="loginTest" finished-at="2026-09-14T17:04:21 IST" duration-ms="796" status="PASS">
          <reporter-output>
          </reporter-output>
        </test-method> <!-- loginTest -->
        <test-method signature="TC_addTest()[pri:0, instance:testcases.TC_AddTest@4148db48]" started-at="2026-09-14T17:04:21 IST" name="TC_addTest" finished-at="2026-09-14T17:04:40 IST" duration-ms="19132" status="PASS">
          <reporter-output>
          </reporter-output>
        </test-method> <!-- TC_addTest -->
        <test-method is-config="true" signature="tearDown()[pri:0, instance:testcases.TC_AddTest@4148db48]" started-at="2026-09-14T17:04:40 IST" name="tearDown" finished-at="2026-09-14T17:04:46 IST" duration-ms="5443" status="PASS">
          <reporter-output>
          </reporter-output>
        </test-method> <!-- tearDown -->
      </class> <!-- testcases.TC_AddTest -->
    </test> <!-- Surefire test -->
  </suite> <!-- Surefire suite -->
</testng-results>
