<?xml version="1.0" encoding="UTF-8"?>
<testsuite xmlns:xsi="http://www.w3.org/2001/XMLSchema-instance" xsi:noNamespaceSchemaLocation="https://maven.apache.org/surefire/maven-surefire-plugin/xsd/surefire-test-report.xsd" name="TestSuite" time="36.282" tests="3" errors="0" skipped="0" failures="0">
  <properties>
[...]
</properties>
  <testcase name="loginTest" classname="testcases.TC_AddTest" time="0.798"/>
  <testcase name="TC_addTest" classname="testcases.TC_AddTest" time="19.132"/>
  <testcase name="shouldAnswerWithTrue on shouldAnswerWithTrue(com.p.AppTest)" classname="com.p.AppTest" time="0.001"/>
</testsuite>